[     910ms] [WARNING] THREE.THREE.Clock: This module has been deprecated. Please use THREE.Timer instead. @ webpack-internal:///./node_modules/three/build/three.core.js:2445
[    1066ms] [WARNING] THREE.WebGLShadowMap: PCFSoftShadowMap has been deprecated. Using PCFShadowMap instead. @ webpack-internal:///./node_modules/three/build/three.core.js:2445
[    3378ms] [WARNING] THREE.WebGLShadowMap: PCFSoftShadowMap has been deprecated. Using PCFShadowMap instead. @ webpack-internal:///./node_modules/three/build/three.core.js:2445
[    4846ms] [WARNING] THREE.WebGLShadowMap: PCFSoftShadowMap has been deprecated. Using PCFShadowMap instead. @ webpack-internal:///./node_modules/three/build/three.core.js:2445
[    4860ms] [WARNING] THREE.WebGLShadowMap: PCFSoftShadowMap has been deprecated. Using PCFShadowMap instead. @ webpack-internal:///./node_modules/three/build/three.core.js:2445
[    7362ms] [WARNING] THREE.WebGLShadowMap: PCFSoftShadowMap has been deprecated. Using PCFShadowMap instead. @ webpack-internal:///./node_modules/three/build/three.core.js:2445
[    8844ms] [WARNING] THREE.WebGLShadowMap: PCFSoftShadowMap has been deprecated. Using PCFShadowMap instead. @ webpack-internal:///./node_modules/three/build/three.core.js:2445
[    8860ms] [WARNING] THREE.WebGLShadowMap: PCFSoftShadowMap has been deprecated. Using PCFShadowMap instead. @ webpack-internal:///./node_modules/three/build/three.core.js:2445
[   11361ms] [WARNING] THREE.WebGLShadowMap: PCFSoftShadowMap has been deprecated. Using PCFShadowMap instead. @ webpack-internal:///./node_modules/three/build/three.core.js:2445
[   12844ms] [WARNING] THREE.WebGLShadowMap: PCFSoftShadowMap has been deprecated. Using PCFShadowMap instead. @ webpack-internal:///./node_modules/three/build/three.core.js:2445
[   12860ms] [WARNING] THREE.WebGLShadowMap: PCFSoftShadowMap has been deprecated. Using PCFShadowMap instead. @ webpack-internal:///./node_modules/three/build/three.core.js:2445
[   15361ms] [WARNING] THREE.WebGLShadowMap: PCFSoftShadowMap has been deprecated. Using PCFShadowMap instead. @ webpack-internal:///./node_modules/three/build/three.core.js:2445
[   16846ms] [WARNING] THREE.WebGLShadowMap: PCFSoftShadowMap has been deprecated. Using PCFShadowMap instead. @ webpack-internal:///./node_modules/three/build/three.core.js:2445
[   16860ms] [WARNING] THREE.WebGLShadowMap: PCFSoftShadowMap has been deprecated. Using PCFShadowMap instead. @ webpack-internal:///./node_modules/three/build/three.core.js:2445
[   19360ms] [WARNING] THREE.WebGLShadowMap: PCFSoftShadowMap has been deprecated. Using PCFShadowMap instead. @ webpack-internal:///./node_modules/three/build/three.core.js:2445
[   20845ms] [WARNING] THREE.WebGLShadowMap: PCFSoftShadowMap has been deprecated. Using PCFShadowMap instead. @ webpack-internal:///./node_modules/three/build/three.core.js:2445
[   20860ms] [WARNING] THREE.WebGLShadowMap: PCFSoftShadowMap has been deprecated. Using PCFShadowMap instead. @ webpack-internal:///./node_modules/three/build/three.core.js:2445
[   23360ms] [WARNING] THREE.WebGLShadowMap: PCFSoftShadowMap has been deprecated. Using PCFShadowMap instead. @ webpack-internal:///./node_modules/three/build/three.core.js:2445
[   24846ms] [WARNING] THREE.WebGLShadowMap: PCFSoftShadowMap has been deprecated. Using PCFShadowMap instead. @ webpack-internal:///./node_modules/three/build/three.core.js:2445
[   24860ms] [WARNING] THREE.WebGLShadowMap: PCFSoftShadowMap has been deprecated. Using PCFShadowMap instead. @ webpack-internal:///./node_modules/three/build/three.core.js:2445
[   27360ms] [WARNING] THREE.WebGLShadowMap: PCFSoftShadowMap has been deprecated. Using PCFShadowMap instead. @ webpack-internal:///./node_modules/three/build/three.core.js:2445
[   28844ms] [WARNING] THREE.WebGLShadowMap: PCFSoftShadowMap has been deprecated. Using PCFShadowMap instead. @ webpack-internal:///./node_modules/three/build/three.core.js:2445
[   28860ms] [WARNING] THREE.WebGLShadowMap: PCFSoftShadowMap has been deprecated. Using PCFShadowMap instead. @ webpack-internal:///./node_modules/three/build/three.core.js:2445
[   31359ms] [WARNING] THREE.WebGLShadowMap: PCFSoftShadowMap has been deprecated. Using PCFShadowMap instead. @ webpack-internal:///./node_modules/three/build/three.core.js:2445
[   32844ms] [WARNING] THREE.WebGLShadowMap: PCFSoftShadowMap has been deprecated. Using PCFShadowMap instead. @ webpack-internal:///./node_modules/three/build/three.core.js:2445
[   32860ms] [WARNING] THREE.WebGLShadowMap: PCFSoftShadowMap has been deprecated. Using PCFShadowMap instead. @ webpack-internal:///./node_modules/three/build/three.core.js:2445
[   35360ms] [WARNING] THREE.WebGLShadowMap: PCFSoftShadowMap has been deprecated. Using PCFShadowMap instead. @ webpack-internal:///./node_modules/three/build/three.core.js:2445
[   36844ms] [WARNING] THREE.WebGLShadowMap: PCFSoftShadowMap has been deprecated. Using PCFShadowMap instead. @ webpack-internal:///./node_modules/three/build/three.core.js:2445
[   36860ms] [WARNING] THREE.WebGLShadowMap: PCFSoftShadowMap has been deprecated. Using PCFShadowMap instead. @ webpack-internal:///./node_modules/three/build/three.core.js:2445
[   39360ms] [WARNING] THREE.WebGLShadowMap: PCFSoftShadowMap has been deprecated. Using PCFShadowMap instead. @ webpack-internal:///./node_modules/three/build/three.core.js:2445
[   40846ms] [WARNING] THREE.WebGLShadowMap: PCFSoftShadowMap has been deprecated. Using PCFShadowMap instead. @ webpack-internal:///./node_modules/three/build/three.core.js:2445
[   40860ms] [WARNING] THREE.WebGLShadowMap: PCFSoftShadowMap has been deprecated. Using PCFShadowMap instead. @ webpack-internal:///./node_modules/three/build/three.core.js:2445
[   43360ms] [WARNING] THREE.WebGLShadowMap: PCFSoftShadowMap has been deprecated. Using PCFShadowMap instead. @ webpack-internal:///./node_modules/three/build/three.core.js:2445
[   44845ms] [WARNING] THREE.WebGLShadowMap: PCFSoftShadowMap has been deprecated. Using PCFShadowMap instead. @ webpack-internal:///./node_modules/three/build/three.core.js:2445
[   44860ms] [WARNING] THREE.WebGLShadowMap: PCFSoftShadowMap has been deprecated. Using PCFShadowMap instead. @ webpack-internal:///./node_modules/three/build/three.core.js:2445
[   47361ms] [WARNING] THREE.WebGLShadowMap: PCFSoftShadowMap has been deprecated. Using PCFShadowMap instead. @ webpack-internal:///./node_modules/three/build/three.core.js:2445
[   48845ms] [WARNING] THREE.WebGLShadowMap: PCFSoftShadowMap has been deprecated. Using PCFShadowMap instead. @ webpack-internal:///./node_modules/three/build/three.core.js:2445
[   48861ms] [WARNING] THREE.WebGLShadowMap: PCFSoftShadowMap has been deprecated. Using PCFShadowMap instead. @ webpack-internal:///./node_modules/three/build/three.core.js:2445
[   51360ms] [WARNING] THREE.WebGLShadowMap: PCFSoftShadowMap has been deprecated. Using PCFShadowMap instead. @ webpack-internal:///./node_modules/three/build/three.core.js:2445
[   52845ms] [WARNING] THREE.WebGLShadowMap: PCFSoftShadowMap has been deprecated. Using PCFShadowMap instead. @ webpack-internal:///./node_modules/three/build/three.core.js:2445
[   52861ms] [WARNING] THREE.WebGLShadowMap: PCFSoftShadowMap has been deprecated. Using PCFShadowMap instead. @ webpack-internal:///./node_modules/three/build/three.core.js:2445
[   55361ms] [WARNING] THREE.WebGLShadowMap: PCFSoftShadowMap has been deprecated. Using PCFShadowMap instead. @ webpack-internal:///./node_modules/three/build/three.core.js:2445
[   56845ms] [WARNING] THREE.WebGLShadowMap: PCFSoftShadowMap has been deprecated. Using PCFShadowMap instead. @ webpack-internal:///./node_modules/three/build/three.core.js:2445
[   56860ms] [WARNING] THREE.WebGLShadowMap: PCFSoftShadowMap has been deprecated. Using PCFShadowMap instead. @ webpack-internal:///./node_modules/three/build/three.core.js:2445
[   59361ms] [WARNING] THREE.WebGLShadowMap: PCFSoftShadowMap has been deprecated. Using PCFShadowMap instead. @ webpack-internal:///./node_modules/three/build/three.core.js:2445
[   60847ms] [WARNING] THREE.WebGLShadowMap: PCFSoftShadowMap has been deprecated. Using PCFShadowMap instead. @ webpack-internal:///./node_modules/three/build/three.core.js:2445
[   60860ms] [WARNING] THREE.WebGLShadowMap: PCFSoftShadowMap has been deprecated. Using PCFShadowMap instead. @ webpack-internal:///./node_modules/three/build/three.core.js:2445
[   63363ms] [WARNING] THREE.WebGLShadowMap: PCFSoftShadowMap has been deprecated. Using PCFShadowMap instead. @ webpack-internal:///./node_modules/three/build/three.core.js:2445
[   64845ms] [WARNING] THREE.WebGLShadowMap: PCFSoftShadowMap has been deprecated. Using PCFShadowMap instead. @ webpack-internal:///./node_modules/three/build/three.core.js:2445
[   64860ms] [WARNING] THREE.WebGLShadowMap: PCFSoftShadowMap has been deprecated. Using PCFShadowMap instead. @ webpack-internal:///./node_modules/three/build/three.core.js:2445
[   67360ms] [WARNING] THREE.WebGLShadowMap: PCFSoftShadowMap has been deprecated. Using PCFShadowMap instead. @ webpack-internal:///./node_modules/three/build/three.core.js:2445
[   68844ms] [WARNING] THREE.WebGLShadowMap: PCFSoftShadowMap has been deprecated. Using PCFShadowMap instead. @ webpack-internal:///./node_modules/three/build/three.core.js:2445
[   68860ms] [WARNING] THREE.WebGLShadowMap: PCFSoftShadowMap has been deprecated. Using PCFShadowMap instead. @ webpack-internal:///./node_modules/three/build/three.core.js:2445
[   71360ms] [WARNING] THREE.WebGLShadowMap: PCFSoftShadowMap has been deprecated. Using PCFShadowMap instead. @ webpack-internal:///./node_modules/three/build/three.core.js:2445
[   72844ms] [WARNING] THREE.WebGLShadowMap: PCFSoftShadowMap has been deprecated. Using PCFShadowMap instead. @ webpack-internal:///./node_modules/three/build/three.core.js:2445
[   72860ms] [WARNING] THREE.WebGLShadowMap: PCFSoftShadowMap has been deprecated. Using PCFShadowMap instead. @ webpack-internal:///./node_modules/three/build/three.core.js:2445
[   75360ms] [WARNING] THREE.WebGLShadowMap: PCFSoftShadowMap has been deprecated. Using PCFShadowMap instead. @ webpack-internal:///./node_modules/three/build/three.core.js:2445
[   76844ms] [WARNING] THREE.WebGLShadowMap: PCFSoftShadowMap has been deprecated. Using PCFShadowMap instead. @ webpack-internal:///./node_modules/three/build/three.core.js:2445
[   76861ms] [WARNING] THREE.WebGLShadowMap: PCFSoftShadowMap has been deprecated. Using PCFShadowMap instead. @ webpack-internal:///./node_modules/three/build/three.core.js:2445
[   79360ms] [WARNING] THREE.WebGLShadowMap: PCFSoftShadowMap has been deprecated. Using PCFShadowMap instead. @ webpack-internal:///./node_modules/three/build/three.core.js:2445
[   80844ms] [WARNING] THREE.WebGLShadowMap: PCFSoftShadowMap has been deprecated. Using PCFShadowMap instead. @ webpack-internal:///./node_modules/three/build/three.core.js:2445
[   80860ms] [WARNING] THREE.WebGLShadowMap: PCFSoftShadowMap has been deprecated. Using PCFShadowMap instead. @ webpack-internal:///./node_modules/three/build/three.core.js:2445
[   83359ms] [WARNING] THREE.WebGLShadowMap: PCFSoftShadowMap has been deprecated. Using PCFShadowMap instead. @ webpack-internal:///./node_modules/three/build/three.core.js:2445
[   84845ms] [WARNING] THREE.WebGLShadowMap: PCFSoftShadowMap has been deprecated. Using PCFShadowMap instead. @ webpack-internal:///./node_modules/three/build/three.core.js:2445
[   84860ms] [WARNING] THREE.WebGLShadowMap: PCFSoftShadowMap has been deprecated. Using PCFShadowMap instead. @ webpack-internal:///./node_modules/three/build/three.core.js:2445
[   87360ms] [WARNING] THREE.WebGLShadowMap: PCFSoftShadowMap has been deprecated. Using PCFShadowMap instead. @ webpack-internal:///./node_modules/three/build/three.core.js:2445
[   88843ms] [WARNING] THREE.WebGLShadowMap: PCFSoftShadowMap has been deprecated. Using PCFShadowMap instead. @ webpack-internal:///./node_modules/three/build/three.core.js:2445
[   88860ms] [WARNING] THREE.WebGLShadowMap: PCFSoftShadowMap has been deprecated. Using PCFShadowMap instead. @ webpack-internal:///./node_modules/three/build/three.core.js:2445
[   91360ms] [WARNING] THREE.WebGLShadowMap: PCFSoftShadowMap has been deprecated. Using PCFShadowMap instead. @ webpack-internal:///./node_modules/three/build/three.core.js:2445
[   92846ms] [WARNING] THREE.WebGLShadowMap: PCFSoftShadowMap has been deprecated. Using PCFShadowMap instead. @ webpack-internal:///./node_modules/three/build/three.core.js:2445
[   92861ms] [WARNING] THREE.WebGLShadowMap: PCFSoftShadowMap has been deprecated. Using PCFShadowMap instead. @ webpack-internal:///./node_modules/three/build/three.core.js:2445
[   95361ms] [WARNING] THREE.WebGLShadowMap: PCFSoftShadowMap has been deprecated. Using PCFShadowMap instead. @ webpack-internal:///./node_modules/three/build/three.core.js:2445
[   96844ms] [WARNING] THREE.WebGLShadowMap: PCFSoftShadowMap has been deprecated. Using PCFShadowMap instead. @ webpack-internal:///./node_modules/three/build/three.core.js:2445
[   96860ms] [WARNING] THREE.WebGLShadowMap: PCFSoftShadowMap has been deprecated. Using PCFShadowMap instead. @ webpack-internal:///./node_modules/three/build/three.core.js:2445
[   99360ms] [WARNING] THREE.WebGLShadowMap: PCFSoftShadowMap has been deprecated. Using PCFShadowMap instead. @ webpack-internal:///./node_modules/three/build/three.core.js:2445
[  100845ms] [WARNING] THREE.WebGLShadowMap: PCFSoftShadowMap has been deprecated. Using PCFShadowMap instead. @ webpack-internal:///./node_modules/three/build/three.core.js:2445
[  100860ms] [WARNING] THREE.WebGLShadowMap: PCFSoftShadowMap has been deprecated. Using PCFShadowMap instead. @ webpack-internal:///./node_modules/three/build/three.core.js:2445
[  103360ms] [WARNING] THREE.WebGLShadowMap: PCFSoftShadowMap has been deprecated. Using PCFShadowMap instead. @ webpack-internal:///./node_modules/three/build/three.core.js:2445
[  104846ms] [WARNING] THREE.WebGLShadowMap: PCFSoftShadowMap has been deprecated. Using PCFShadowMap instead. @ webpack-internal:///./node_modules/three/build/three.core.js:2445
[  104860ms] [WARNING] THREE.WebGLShadowMap: PCFSoftShadowMap has been deprecated. Using PCFShadowMap instead. @ webpack-internal:///./node_modules/three/build/three.core.js:2445
[  107360ms] [WARNING] THREE.WebGLShadowMap: PCFSoftShadowMap has been deprecated. Using PCFShadowMap instead. @ webpack-internal:///./node_modules/three/build/three.core.js:2445
[  108846ms] [WARNING] THREE.WebGLShadowMap: PCFSoftShadowMap has been deprecated. Using PCFShadowMap instead. @ webpack-internal:///./node_modules/three/build/three.core.js:2445
[  108860ms] [WARNING] THREE.WebGLShadowMap: PCFSoftShadowMap has been deprecated. Using PCFShadowMap instead. @ webpack-internal:///./node_modules/three/build/three.core.js:2445
[  111360ms] [WARNING] THREE.WebGLShadowMap: PCFSoftShadowMap has been deprecated. Using PCFShadowMap instead. @ webpack-internal:///./node_modules/three/build/three.core.js:2445
[  112845ms] [WARNING] THREE.WebGLShadowMap: PCFSoftShadowMap has been deprecated. Using PCFShadowMap instead. @ webpack-internal:///./node_modules/three/build/three.core.js:2445
[  112860ms] [WARNING] THREE.WebGLShadowMap: PCFSoftShadowMap has been deprecated. Using PCFShadowMap instead. @ webpack-internal:///./node_modules/three/build/three.core.js:2445
[  115360ms] [WARNING] THREE.WebGLShadowMap: PCFSoftShadowMap has been deprecated. Using PCFShadowMap instead. @ webpack-internal:///./node_modules/three/build/three.core.js:2445
[  116844ms] [WARNING] THREE.WebGLShadowMap: PCFSoftShadowMap has been deprecated. Using PCFShadowMap instead. @ webpack-internal:///./node_modules/three/build/three.core.js:2445
[  116927ms] [WARNING] THREE.WebGLShadowMap: PCFSoftShadowMap has been deprecated. Using PCFShadowMap instead. @ webpack-internal:///./node_modules/three/build/three.core.js:2445
[  119428ms] [WARNING] THREE.WebGLShadowMap: PCFSoftShadowMap has been deprecated. Using PCFShadowMap instead. @ webpack-internal:///./node_modules/three/build/three.core.js:2445
[  120847ms] [WARNING] THREE.WebGLShadowMap: PCFSoftShadowMap has been deprecated. Using PCFShadowMap instead. @ webpack-internal:///./node_modules/three/build/three.core.js:2445
[  120860ms] [WARNING] THREE.WebGLShadowMap: PCFSoftShadowMap has been deprecated. Using PCFShadowMap instead. @ webpack-internal:///./node_modules/three/build/three.core.js:2445
[  123360ms] [WARNING] THREE.WebGLShadowMap: PCFSoftShadowMap has been deprecated. Using PCFShadowMap instead. @ webpack-internal:///./node_modules/three/build/three.core.js:2445
[  124846ms] [WARNING] THREE.WebGLShadowMap: PCFSoftShadowMap has been deprecated. Using PCFShadowMap instead. @ webpack-internal:///./node_modules/three/build/three.core.js:2445
[  124860ms] [WARNING] THREE.WebGLShadowMap: PCFSoftShadowMap has been deprecated. Using PCFShadowMap instead. @ webpack-internal:///./node_modules/three/build/three.core.js:2445
[  127360ms] [WARNING] THREE.WebGLShadowMap: PCFSoftShadowMap has been deprecated. Using PCFShadowMap instead. @ webpack-internal:///./node_modules/three/build/three.core.js:2445
[  128847ms] [WARNING] THREE.WebGLShadowMap: PCFSoftShadowMap has been deprecated. Using PCFShadowMap instead. @ webpack-internal:///./node_modules/three/build/three.core.js:2445
[  128861ms] [WARNING] THREE.WebGLShadowMap: PCFSoftShadowMap has been deprecated. Using PCFShadowMap instead. @ webpack-internal:///./node_modules/three/build/three.core.js:2445
[  129527ms] [WARNING] THREE.WebGLShadowMap: PCFSoftShadowMap has been deprecated. Using PCFShadowMap instead. @ webpack-internal:///./node_modules/three/build/three.core.js:2445
[  131377ms] [WARNING] THREE.WebGLShadowMap: PCFSoftShadowMap has been deprecated. Using PCFShadowMap instead. @ webpack-internal:///./node_modules/three/build/three.core.js:2445
[  132846ms] [WARNING] THREE.WebGLShadowMap: PCFSoftShadowMap has been deprecated. Using PCFShadowMap instead. @ webpack-internal:///./node_modules/three/build/three.core.js:2445
[  132861ms] [WARNING] THREE.WebGLShadowMap: PCFSoftShadowMap has been deprecated. Using PCFShadowMap instead. @ webpack-internal:///./node_modules/three/build/three.core.js:2445
[  135361ms] [WARNING] THREE.WebGLShadowMap: PCFSoftShadowMap has been deprecated. Using PCFShadowMap instead. @ webpack-internal:///./node_modules/three/build/three.core.js:2445
[  136844ms] [WARNING] THREE.WebGLShadowMap: PCFSoftShadowMap has been deprecated. Using PCFShadowMap instead. @ webpack-internal:///./node_modules/three/build/three.core.js:2445
[  136861ms] [WARNING] THREE.WebGLShadowMap: PCFSoftShadowMap has been deprecated. Using PCFShadowMap instead. @ webpack-internal:///./node_modules/three/build/three.core.js:2445
[  139360ms] [WARNING] THREE.WebGLShadowMap: PCFSoftShadowMap has been deprecated. Using PCFShadowMap instead. @ webpack-internal:///./node_modules/three/build/three.core.js:2445
[  140859ms] [WARNING] THREE.WebGLShadowMap: PCFSoftShadowMap has been deprecated. Using PCFShadowMap instead. @ webpack-internal:///./node_modules/three/build/three.core.js:2445
[  143360ms] [WARNING] THREE.WebGLShadowMap: PCFSoftShadowMap has been deprecated. Using PCFShadowMap instead. @ webpack-internal:///./node_modules/three/build/three.core.js:2445
[  144846ms] [WARNING] THREE.WebGLShadowMap: PCFSoftShadowMap has been deprecated. Using PCFShadowMap instead. @ webpack-internal:///./node_modules/three/build/three.core.js:2445
[  144860ms] [WARNING] THREE.WebGLShadowMap: PCFSoftShadowMap has been deprecated. Using PCFShadowMap instead. @ webpack-internal:///./node_modules/three/build/three.core.js:2445
[  147360ms] [WARNING] THREE.WebGLShadowMap: PCFSoftShadowMap has been deprecated. Using PCFShadowMap instead. @ webpack-internal:///./node_modules/three/build/three.core.js:2445
[  148843ms] [WARNING] THREE.WebGLShadowMap: PCFSoftShadowMap has been deprecated. Using PCFShadowMap instead. @ webpack-internal:///./node_modules/three/build/three.core.js:2445
[  148861ms] [WARNING] THREE.WebGLShadowMap: PCFSoftShadowMap has been deprecated. Using PCFShadowMap instead. @ webpack-internal:///./node_modules/three/build/three.core.js:2445
[  151361ms] [WARNING] THREE.WebGLShadowMap: PCFSoftShadowMap has been deprecated. Using PCFShadowMap instead. @ webpack-internal:///./node_modules/three/build/three.core.js:2445
[  152844ms] [WARNING] THREE.WebGLShadowMap: PCFSoftShadowMap has been deprecated. Using PCFShadowMap instead. @ webpack-internal:///./node_modules/three/build/three.core.js:2445
[  152861ms] [WARNING] THREE.WebGLShadowMap: PCFSoftShadowMap has been deprecated. Using PCFShadowMap instead. @ webpack-internal:///./node_modules/three/build/three.core.js:2445
[  155360ms] [WARNING] THREE.WebGLShadowMap: PCFSoftShadowMap has been deprecated. Using PCFShadowMap instead. @ webpack-internal:///./node_modules/three/build/three.core.js:2445
[  156847ms] [WARNING] THREE.WebGLShadowMap: PCFSoftShadowMap has been deprecated. Using PCFShadowMap instead. @ webpack-internal:///./node_modules/three/build/three.core.js:2445
[  156861ms] [WARNING] THREE.WebGLShadowMap: PCFSoftShadowMap has been deprecated. Using PCFShadowMap instead. @ webpack-internal:///./node_modules/three/build/three.core.js:2445
[  159362ms] [WARNING] THREE.WebGLShadowMap: PCFSoftShadowMap has been deprecated. Using PCFShadowMap instead. @ webpack-internal:///./node_modules/three/build/three.core.js:2445
[  160844ms] [WARNING] THREE.WebGLShadowMap: PCFSoftShadowMap has been deprecated. Using PCFShadowMap instead. @ webpack-internal:///./node_modules/three/build/three.core.js:2445
[  160860ms] [WARNING] THREE.WebGLShadowMap: PCFSoftShadowMap has been deprecated. Using PCFShadowMap instead. @ webpack-internal:///./node_modules/three/build/three.core.js:2445
[  163363ms] [WARNING] THREE.WebGLShadowMap: PCFSoftShadowMap has been deprecated. Using PCFShadowMap instead. @ webpack-internal:///./node_modules/three/build/three.core.js:2445
[  164848ms] [WARNING] THREE.WebGLShadowMap: PCFSoftShadowMap has been deprecated. Using PCFShadowMap instead. @ webpack-internal:///./node_modules/three/build/three.core.js:2445
[  164862ms] [WARNING] THREE.WebGLShadowMap: PCFSoftShadowMap has been deprecated. Using PCFShadowMap instead. @ webpack-internal:///./node_modules/three/build/three.core.js:2445
[  167377ms] [WARNING] THREE.WebGLShadowMap: PCFSoftShadowMap has been deprecated. Using PCFShadowMap instead. @ webpack-internal:///./node_modules/three/build/three.core.js:2445
[  168847ms] [WARNING] THREE.WebGLShadowMap: PCFSoftShadowMap has been deprecated. Using PCFShadowMap instead. @ webpack-internal:///./node_modules/three/build/three.core.js:2445
[  168861ms] [WARNING] THREE.WebGLShadowMap: PCFSoftShadowMap has been deprecated. Using PCFShadowMap instead. @ webpack-internal:///./node_modules/three/build/three.core.js:2445
[  171365ms] [WARNING] THREE.WebGLShadowMap: PCFSoftShadowMap has been deprecated. Using PCFShadowMap instead. @ webpack-internal:///./node_modules/three/build/three.core.js:2445
[  172845ms] [WARNING] THREE.WebGLShadowMap: PCFSoftShadowMap has been deprecated. Using PCFShadowMap instead. @ webpack-internal:///./node_modules/three/build/three.core.js:2445
[  172861ms] [WARNING] THREE.WebGLShadowMap: PCFSoftShadowMap has been deprecated. Using PCFShadowMap instead. @ webpack-internal:///./node_modules/three/build/three.core.js:2445
[  175360ms] [WARNING] THREE.WebGLShadowMap: PCFSoftShadowMap has been deprecated. Using PCFShadowMap instead. @ webpack-internal:///./node_modules/three/build/three.core.js:2445
[  176846ms] [WARNING] THREE.WebGLShadowMap: PCFSoftShadowMap has been deprecated. Using PCFShadowMap instead. @ webpack-internal:///./node_modules/three/build/three.core.js:2445
[  176862ms] [WARNING] THREE.WebGLShadowMap: PCFSoftShadowMap has been deprecated. Using PCFShadowMap instead. @ webpack-internal:///./node_modules/three/build/three.core.js:2445
[  179365ms] [WARNING] THREE.WebGLShadowMap: PCFSoftShadowMap has been deprecated. Using PCFShadowMap instead. @ webpack-internal:///./node_modules/three/build/three.core.js:2445
[  180848ms] [WARNING] THREE.WebGLShadowMap: PCFSoftShadowMap has been deprecated. Using PCFShadowMap instead. @ webpack-internal:///./node_modules/three/build/three.core.js:2445
[  180861ms] [WARNING] THREE.WebGLShadowMap: PCFSoftShadowMap has been deprecated. Using PCFShadowMap instead. @ webpack-internal:///./node_modules/three/build/three.core.js:2445
[  183365ms] [WARNING] THREE.WebGLShadowMap: PCFSoftShadowMap has been deprecated. Using PCFShadowMap instead. @ webpack-internal:///./node_modules/three/build/three.core.js:2445
[  184847ms] [WARNING] THREE.WebGLShadowMap: PCFSoftShadowMap has been deprecated. Using PCFShadowMap instead. @ webpack-internal:///./node_modules/three/build/three.core.js:2445
[  184862ms] [WARNING] THREE.WebGLShadowMap: PCFSoftShadowMap has been deprecated. Using PCFShadowMap instead. @ webpack-internal:///./node_modules/three/build/three.core.js:2445
[  187377ms] [WARNING] THREE.WebGLShadowMap: PCFSoftShadowMap has been deprecated. Using PCFShadowMap instead. @ webpack-internal:///./node_modules/three/build/three.core.js:2445
[  188846ms] [WARNING] THREE.WebGLShadowMap: PCFSoftShadowMap has been deprecated. Using PCFShadowMap instead. @ webpack-internal:///./node_modules/three/build/three.core.js:2445
[  188861ms] [WARNING] THREE.WebGLShadowMap: PCFSoftShadowMap has been deprecated. Using PCFShadowMap instead. @ webpack-internal:///./node_modules/three/build/three.core.js:2445
[  191365ms] [WARNING] THREE.WebGLShadowMap: PCFSoftShadowMap has been deprecated. Using PCFShadowMap instead. @ webpack-internal:///./node_modules/three/build/three.core.js:2445
[  192847ms] [WARNING] THREE.WebGLShadowMap: PCFSoftShadowMap has been deprecated. Using PCFShadowMap instead. @ webpack-internal:///./node_modules/three/build/three.core.js:2445
[  192862ms] [WARNING] THREE.WebGLShadowMap: PCFSoftShadowMap has been deprecated. Using PCFShadowMap instead. @ webpack-internal:///./node_modules/three/build/three.core.js:2445
[  195377ms] [WARNING] THREE.WebGLShadowMap: PCFSoftShadowMap has been deprecated. Using PCFShadowMap instead. @ webpack-internal:///./node_modules/three/build/three.core.js:2445
[  196847ms] [WARNING] THREE.WebGLShadowMap: PCFSoftShadowMap has been deprecated. Using PCFShadowMap instead. @ webpack-internal:///./node_modules/three/build/three.core.js:2445
[  196862ms] [WARNING] THREE.WebGLShadowMap: PCFSoftShadowMap has been deprecated. Using PCFShadowMap instead. @ webpack-internal:///./node_modules/three/build/three.core.js:2445
[  199377ms] [WARNING] THREE.WebGLShadowMap: PCFSoftShadowMap has been deprecated. Using PCFShadowMap instead. @ webpack-internal:///./node_modules/three/build/three.core.js:2445
[  200845ms] [WARNING] THREE.WebGLShadowMap: PCFSoftShadowMap has been deprecated. Using PCFShadowMap instead. @ webpack-internal:///./node_modules/three/build/three.core.js:2445
[  200860ms] [WARNING] THREE.WebGLShadowMap: PCFSoftShadowMap has been deprecated. Using PCFShadowMap instead. @ webpack-internal:///./node_modules/three/build/three.core.js:2445
[  203359ms] [WARNING] THREE.WebGLShadowMap: PCFSoftShadowMap has been deprecated. Using PCFShadowMap instead. @ webpack-internal:///./node_modules/three/build/three.core.js:2445
[  204845ms] [WARNING] THREE.WebGLShadowMap: PCFSoftShadowMap has been deprecated. Using PCFShadowMap instead. @ webpack-internal:///./node_modules/three/build/three.core.js:2445
[  204860ms] [WARNING] THREE.WebGLShadowMap: PCFSoftShadowMap has been deprecated. Using PCFShadowMap instead. @ webpack-internal:///./node_modules/three/build/three.core.js:2445
[  207360ms] [WARNING] THREE.WebGLShadowMap: PCFSoftShadowMap has been deprecated. Using PCFShadowMap instead. @ webpack-internal:///./node_modules/three/build/three.core.js:2445
[  208848ms] [WARNING] THREE.WebGLShadowMap: PCFSoftShadowMap has been deprecated. Using PCFShadowMap instead. @ webpack-internal:///./node_modules/three/build/three.core.js:2445
[  208862ms] [WARNING] THREE.WebGLShadowMap: PCFSoftShadowMap has been deprecated. Using PCFShadowMap instead. @ webpack-internal:///./node_modules/three/build/three.core.js:2445
[  211377ms] [WARNING] THREE.WebGLShadowMap: PCFSoftShadowMap has been deprecated. Using PCFShadowMap instead. @ webpack-internal:///./node_modules/three/build/three.core.js:2445
[  212847ms] [WARNING] THREE.WebGLShadowMap: PCFSoftShadowMap has been deprecated. Using PCFShadowMap instead. @ webpack-internal:///./node_modules/three/build/three.core.js:2445
[  212862ms] [WARNING] THREE.WebGLShadowMap: PCFSoftShadowMap has been deprecated. Using PCFShadowMap instead. @ webpack-internal:///./node_modules/three/build/three.core.js:2445
[  215377ms] [WARNING] THREE.WebGLShadowMap: PCFSoftShadowMap has been deprecated. Using PCFShadowMap instead. @ webpack-internal:///./node_modules/three/build/three.core.js:2445
[  216847ms] [WARNING] THREE.WebGLShadowMap: PCFSoftShadowMap has been deprecated. Using PCFShadowMap instead. @ webpack-internal:///./node_modules/three/build/three.core.js:2445
[  216861ms] [WARNING] THREE.WebGLShadowMap: PCFSoftShadowMap has been deprecated. Using PCFShadowMap instead. @ webpack-internal:///./node_modules/three/build/three.core.js:2445
[  219377ms] [WARNING] THREE.WebGLShadowMap: PCFSoftShadowMap has been deprecated. Using PCFShadowMap instead. @ webpack-internal:///./node_modules/three/build/three.core.js:2445
[  220844ms] [WARNING] THREE.WebGLShadowMap: PCFSoftShadowMap has been deprecated. Using PCFShadowMap instead. @ webpack-internal:///./node_modules/three/build/three.core.js:2445
[  220860ms] [WARNING] THREE.WebGLShadowMap: PCFSoftShadowMap has been deprecated. Using PCFShadowMap instead. @ webpack-internal:///./node_modules/three/build/three.core.js:2445
[  223360ms] [WARNING] THREE.WebGLShadowMap: PCFSoftShadowMap has been deprecated. Using PCFShadowMap instead. @ webpack-internal:///./node_modules/three/build/three.core.js:2445
[  224848ms] [WARNING] THREE.WebGLShadowMap: PCFSoftShadowMap has been deprecated. Using PCFShadowMap instead. @ webpack-internal:///./node_modules/three/build/three.core.js:2445
[  224861ms] [WARNING] THREE.WebGLShadowMap: PCFSoftShadowMap has been deprecated. Using PCFShadowMap instead. @ webpack-internal:///./node_modules/three/build/three.core.js:2445
[  227377ms] [WARNING] THREE.WebGLShadowMap: PCFSoftShadowMap has been deprecated. Using PCFShadowMap instead. @ webpack-internal:///./node_modules/three/build/three.core.js:2445
[  228847ms] [WARNING] THREE.WebGLShadowMap: PCFSoftShadowMap has been deprecated. Using PCFShadowMap instead. @ webpack-internal:///./node_modules/three/build/three.core.js:2445
[  228861ms] [WARNING] THREE.WebGLShadowMap: PCFSoftShadowMap has been deprecated. Using PCFShadowMap instead. @ webpack-internal:///./node_modules/three/build/three.core.js:2445
[  231363ms] [WARNING] THREE.WebGLShadowMap: PCFSoftShadowMap has been deprecated. Using PCFShadowMap instead. @ webpack-internal:///./node_modules/three/build/three.core.js:2445
[  232848ms] [WARNING] THREE.WebGLShadowMap: PCFSoftShadowMap has been deprecated. Using PCFShadowMap instead. @ webpack-internal:///./node_modules/three/build/three.core.js:2445
[  232861ms] [WARNING] THREE.WebGLShadowMap: PCFSoftShadowMap has been deprecated. Using PCFShadowMap instead. @ webpack-internal:///./node_modules/three/build/three.core.js:2445
[  235377ms] [WARNING] THREE.WebGLShadowMap: PCFSoftShadowMap has been deprecated. Using PCFShadowMap instead. @ webpack-internal:///./node_modules/three/build/three.core.js:2445
[  236847ms] [WARNING] THREE.WebGLShadowMap: PCFSoftShadowMap has been deprecated. Using PCFShadowMap instead. @ webpack-internal:///./node_modules/three/build/three.core.js:2445
[  236861ms] [WARNING] THREE.WebGLShadowMap: PCFSoftShadowMap has been deprecated. Using PCFShadowMap instead. @ webpack-internal:///./node_modules/three/build/three.core.js:2445
[  239365ms] [WARNING] THREE.WebGLShadowMap: PCFSoftShadowMap has been deprecated. Using PCFShadowMap instead. @ webpack-internal:///./node_modules/three/build/three.core.js:2445
[  239936ms] [WARNING] THREE.WebGLShadowMap: PCFSoftShadowMap has been deprecated. Using PCFShadowMap instead. @ webpack-internal:///./node_modules/three/build/three.core.js:2445
[  240843ms] [WARNING] THREE.WebGLShadowMap: PCFSoftShadowMap has been deprecated. Using PCFShadowMap instead. @ webpack-internal:///./node_modules/three/build/three.core.js:2445
[  240860ms] [WARNING] THREE.WebGLShadowMap: PCFSoftShadowMap has been deprecated. Using PCFShadowMap instead. @ webpack-internal:///./node_modules/three/build/three.core.js:2445
[  243362ms] [WARNING] THREE.WebGLShadowMap: PCFSoftShadowMap has been deprecated. Using PCFShadowMap instead. @ webpack-internal:///./node_modules/three/build/three.core.js:2445
[  244845ms] [WARNING] THREE.WebGLShadowMap: PCFSoftShadowMap has been deprecated. Using PCFShadowMap instead. @ webpack-internal:///./node_modules/three/build/three.core.js:2445
[  244860ms] [WARNING] THREE.WebGLShadowMap: PCFSoftShadowMap has been deprecated. Using PCFShadowMap instead. @ webpack-internal:///./node_modules/three/build/three.core.js:2445
[  247360ms] [WARNING] THREE.WebGLShadowMap: PCFSoftShadowMap has been deprecated. Using PCFShadowMap instead. @ webpack-internal:///./node_modules/three/build/three.core.js:2445
[  248845ms] [WARNING] THREE.WebGLShadowMap: PCFSoftShadowMap has been deprecated. Using PCFShadowMap instead. @ webpack-internal:///./node_modules/three/build/three.core.js:2445
[  248860ms] [WARNING] THREE.WebGLShadowMap: PCFSoftShadowMap has been deprecated. Using PCFShadowMap instead. @ webpack-internal:///./node_modules/three/build/three.core.js:2445
[  251361ms] [WARNING] THREE.WebGLShadowMap: PCFSoftShadowMap has been deprecated. Using PCFShadowMap instead. @ webpack-internal:///./node_modules/three/build/three.core.js:2445
[  252847ms] [WARNING] THREE.WebGLShadowMap: PCFSoftShadowMap has been deprecated. Using PCFShadowMap instead. @ webpack-internal:///./node_modules/three/build/three.core.js:2445
[  252861ms] [WARNING] THREE.WebGLShadowMap: PCFSoftShadowMap has been deprecated. Using PCFShadowMap instead. @ webpack-internal:///./node_modules/three/build/three.core.js:2445
[  255362ms] [WARNING] THREE.WebGLShadowMap: PCFSoftShadowMap has been deprecated. Using PCFShadowMap instead. @ webpack-internal:///./node_modules/three/build/three.core.js:2445
[  256846ms] [WARNING] THREE.WebGLShadowMap: PCFSoftShadowMap has been deprecated. Using PCFShadowMap instead. @ webpack-internal:///./node_modules/three/build/three.core.js:2445
[  256860ms] [WARNING] THREE.WebGLShadowMap: PCFSoftShadowMap has been deprecated. Using PCFShadowMap instead. @ webpack-internal:///./node_modules/three/build/three.core.js:2445
[  259361ms] [WARNING] THREE.WebGLShadowMap: PCFSoftShadowMap has been deprecated. Using PCFShadowMap instead. @ webpack-internal:///./node_modules/three/build/three.core.js:2445
[  260845ms] [WARNING] THREE.WebGLShadowMap: PCFSoftShadowMap has been deprecated. Using PCFShadowMap instead. @ webpack-internal:///./node_modules/three/build/three.core.js:2445
[  260860ms] [WARNING] THREE.WebGLShadowMap: PCFSoftShadowMap has been deprecated. Using PCFShadowMap instead. @ webpack-internal:///./node_modules/three/build/three.core.js:2445
[  263361ms] [WARNING] THREE.WebGLShadowMap: PCFSoftShadowMap has been deprecated. Using PCFShadowMap instead. @ webpack-internal:///./node_modules/three/build/three.core.js:2445
[  264846ms] [WARNING] THREE.WebGLShadowMap: PCFSoftShadowMap has been deprecated. Using PCFShadowMap instead. @ webpack-internal:///./node_modules/three/build/three.core.js:2445
[  264860ms] [WARNING] THREE.WebGLShadowMap: PCFSoftShadowMap has been deprecated. Using PCFShadowMap instead. @ webpack-internal:///./node_modules/three/build/three.core.js:2445
[  267360ms] [WARNING] THREE.WebGLShadowMap: PCFSoftShadowMap has been deprecated. Using PCFShadowMap instead. @ webpack-internal:///./node_modules/three/build/three.core.js:2445
[  268846ms] [WARNING] THREE.WebGLShadowMap: PCFSoftShadowMap has been deprecated. Using PCFShadowMap instead. @ webpack-internal:///./node_modules/three/build/three.core.js:2445
[  268861ms] [WARNING] THREE.WebGLShadowMap: PCFSoftShadowMap has been deprecated. Using PCFShadowMap instead. @ webpack-internal:///./node_modules/three/build/three.core.js:2445
[  271364ms] [WARNING] THREE.WebGLShadowMap: PCFSoftShadowMap has been deprecated. Using PCFShadowMap instead. @ webpack-internal:///./node_modules/three/build/three.core.js:2445
[  272844ms] [WARNING] THREE.WebGLShadowMap: PCFSoftShadowMap has been deprecated. Using PCFShadowMap instead. @ webpack-internal:///./node_modules/three/build/three.core.js:2445
[  272860ms] [WARNING] THREE.WebGLShadowMap: PCFSoftShadowMap has been deprecated. Using PCFShadowMap instead. @ webpack-internal:///./node_modules/three/build/three.core.js:2445
[  275360ms] [WARNING] THREE.WebGLShadowMap: PCFSoftShadowMap has been deprecated. Using PCFShadowMap instead. @ webpack-internal:///./node_modules/three/build/three.core.js:2445
[  276845ms] [WARNING] THREE.WebGLShadowMap: PCFSoftShadowMap has been deprecated. Using PCFShadowMap instead. @ webpack-internal:///./node_modules/three/build/three.core.js:2445
[  276860ms] [WARNING] THREE.WebGLShadowMap: PCFSoftShadowMap has been deprecated. Using PCFShadowMap instead. @ webpack-internal:///./node_modules/three/build/three.core.js:2445
[  279360ms] [WARNING] THREE.WebGLShadowMap: PCFSoftShadowMap has been deprecated. Using PCFShadowMap instead. @ webpack-internal:///./node_modules/three/build/three.core.js:2445
[  280845ms] [WARNING] THREE.WebGLShadowMap: PCFSoftShadowMap has been deprecated. Using PCFShadowMap instead. @ webpack-internal:///./node_modules/three/build/three.core.js:2445
[  280860ms] [WARNING] THREE.WebGLShadowMap: PCFSoftShadowMap has been deprecated. Using PCFShadowMap instead. @ webpack-internal:///./node_modules/three/build/three.core.js:2445
[  283360ms] [WARNING] THREE.WebGLShadowMap: PCFSoftShadowMap has been deprecated. Using PCFShadowMap instead. @ webpack-internal:///./node_modules/three/build/three.core.js:2445
[  284846ms] [WARNING] THREE.WebGLShadowMap: PCFSoftShadowMap has been deprecated. Using PCFShadowMap instead. @ webpack-internal:///./node_modules/three/build/three.core.js:2445
[  284861ms] [WARNING] THREE.WebGLShadowMap: PCFSoftShadowMap has been deprecated. Using PCFShadowMap instead. @ webpack-internal:///./node_modules/three/build/three.core.js:2445
[  287195ms] [WARNING] THREE.WebGLShadowMap: PCFSoftShadowMap has been deprecated. Using PCFShadowMap instead. @ webpack-internal:///./node_modules/three/build/three.core.js:2445
[  287359ms] [WARNING] THREE.WebGLShadowMap: PCFSoftShadowMap has been deprecated. Using PCFShadowMap instead. @ webpack-internal:///./node_modules/three/build/three.core.js:2445
[  288846ms] [WARNING] THREE.WebGLShadowMap: PCFSoftShadowMap has been deprecated. Using PCFShadowMap instead. @ webpack-internal:///./node_modules/three/build/three.core.js:2445
[  288860ms] [WARNING] THREE.WebGLShadowMap: PCFSoftShadowMap has been deprecated. Using PCFShadowMap instead. @ webpack-internal:///./node_modules/three/build/three.core.js:2445
[  291360ms] [WARNING] THREE.WebGLShadowMap: PCFSoftShadowMap has been deprecated. Using PCFShadowMap instead. @ webpack-internal:///./node_modules/three/build/three.core.js:2445
[  292845ms] [WARNING] THREE.WebGLShadowMap: PCFSoftShadowMap has been deprecated. Using PCFShadowMap instead. @ webpack-internal:///./node_modules/three/build/three.core.js:2445
[  292860ms] [WARNING] THREE.WebGLShadowMap: PCFSoftShadowMap has been deprecated. Using PCFShadowMap instead. @ webpack-internal:///./node_modules/three/build/three.core.js:2445
[  295362ms] [WARNING] THREE.WebGLShadowMap: PCFSoftShadowMap has been deprecated. Using PCFShadowMap instead. @ webpack-internal:///./node_modules/three/build/three.core.js:2445
[  296846ms] [WARNING] THREE.WebGLShadowMap: PCFSoftShadowMap has been deprecated. Using PCFShadowMap instead. @ webpack-internal:///./node_modules/three/build/three.core.js:2445
[  296859ms] [WARNING] THREE.WebGLShadowMap: PCFSoftShadowMap has been deprecated. Using PCFShadowMap instead. @ webpack-internal:///./node_modules/three/build/three.core.js:2445
[  299362ms] [WARNING] THREE.WebGLShadowMap: PCFSoftShadowMap has been deprecated. Using PCFShadowMap instead. @ webpack-internal:///./node_modules/three/build/three.core.js:2445
[  300845ms] [WARNING] THREE.WebGLShadowMap: PCFSoftShadowMap has been deprecated. Using PCFShadowMap instead. @ webpack-internal:///./node_modules/three/build/three.core.js:2445
[  300863ms] [WARNING] THREE.WebGLShadowMap: PCFSoftShadowMap has been deprecated. Using PCFShadowMap instead. @ webpack-internal:///./node_modules/three/build/three.core.js:2445
[  303361ms] [WARNING] THREE.WebGLShadowMap: PCFSoftShadowMap has been deprecated. Using PCFShadowMap instead. @ webpack-internal:///./node_modules/three/build/three.core.js:2445
[  304845ms] [WARNING] THREE.WebGLShadowMap: PCFSoftShadowMap has been deprecated. Using PCFShadowMap instead. @ webpack-internal:///./node_modules/three/build/three.core.js:2445
[  304861ms] [WARNING] THREE.WebGLShadowMap: PCFSoftShadowMap has been deprecated. Using PCFShadowMap instead. @ webpack-internal:///./node_modules/three/build/three.core.js:2445
[  306508ms] [ERROR] Warning: Encountered two children with the same key, `%s`. Keys should be unique so that components maintain their identity across updates. Non-unique keys may cause children to be duplicated and/or omitted — the behavior is unsupported and could change in a future version.%s gym-bench 
    at Furniture (webpack-internal:///./components/office3d/OfficeScene.tsx:242:28)
    at OfficeWorld (webpack-internal:///./components/office3d/OfficeScene.tsx:1392:28)
    at Suspense
    at ErrorBoundary (webpack-internal:///./node_modules/@react-three/fiber/dist/events-776716bd.esm.js:454:5)
    at FiberProvider (webpack-internal:///./node_modules/its-fine/dist/index.js:80:1)
    at Provider (webpack-internal:///./node_modules/@react-three/fiber/dist/events-776716bd.esm.js:2107:3) @ webpack-internal:///./node_modules/next/dist/client/next-dev.js:27
[  306589ms] [WARNING] THREE.THREE.Clock: This module has been deprecated. Please use THREE.Timer instead. @ webpack-internal:///./node_modules/three/build/three.core.js:2445
[  306606ms] [ERROR] Warning: Encountered two children with the same key, `%s`. Keys should be unique so that components maintain their identity across updates. Non-unique keys may cause children to be duplicated and/or omitted — the behavior is unsupported and could change in a future version.%s gym-bench 
    at Furniture (webpack-internal:///./components/office3d/OfficeScene.tsx:242:28)
    at OfficeWorld (webpack-internal:///./components/office3d/OfficeScene.tsx:1392:28)
    at Suspense
    at ErrorBoundary (webpack-internal:///./node_modules/@react-three/fiber/dist/events-776716bd.esm.js:454:5)
    at FiberProvider (webpack-internal:///./node_modules/its-fine/dist/index.js:80:1)
    at Provider (webpack-internal:///./node_modules/@react-three/fiber/dist/events-776716bd.esm.js:2107:3) @ webpack-internal:///./node_modules/next/dist/client/next-dev.js:27
[  306739ms] [WARNING] THREE.WebGLShadowMap: PCFSoftShadowMap has been deprecated. Using PCFShadowMap instead. @ webpack-internal:///./node_modules/three/build/three.core.js:2445
[  307356ms] [ERROR] Warning: Encountered two children with the same key, `%s`. Keys should be unique so that components maintain their identity across updates. Non-unique keys may cause children to be duplicated and/or omitted — the behavior is unsupported and could change in a future version.%s gym-bench 
    at Furniture (webpack-internal:///./components/office3d/OfficeScene.tsx:242:28)
    at OfficeWorld (webpack-internal:///./components/office3d/OfficeScene.tsx:1392:28)
    at Suspense
    at ErrorBoundary (webpack-internal:///./node_modules/@react-three/fiber/dist/events-776716bd.esm.js:454:5)
    at FiberProvider (webpack-internal:///./node_modules/its-fine/dist/index.js:80:1)
    at Provider (webpack-internal:///./node_modules/@react-three/fiber/dist/events-776716bd.esm.js:2107:3) @ webpack-internal:///./node_modules/next/dist/client/next-dev.js:27
[  307359ms] [WARNING] THREE.WebGLShadowMap: PCFSoftShadowMap has been deprecated. Using PCFShadowMap instead. @ webpack-internal:///./node_modules/three/build/three.core.js:2445
[  308843ms] [ERROR] Warning: Encountered two children with the same key, `%s`. Keys should be unique so that components maintain their identity across updates. Non-unique keys may cause children to be duplicated and/or omitted — the behavior is unsupported and could change in a future version.%s gym-bench 
    at Furniture (webpack-internal:///./components/office3d/OfficeScene.tsx:242:28)
    at OfficeWorld (webpack-internal:///./components/office3d/OfficeScene.tsx:1392:28)
    at Suspense
    at ErrorBoundary (webpack-internal:///./node_modules/@react-three/fiber/dist/events-776716bd.esm.js:454:5)
    at FiberProvider (webpack-internal:///./node_modules/its-fine/dist/index.js:80:1)
    at Provider (webpack-internal:///./node_modules/@react-three/fiber/dist/events-776716bd.esm.js:2107:3) @ webpack-internal:///./node_modules/next/dist/client/next-dev.js:27
[  308846ms] [WARNING] THREE.WebGLShadowMap: PCFSoftShadowMap has been deprecated. Using PCFShadowMap instead. @ webpack-internal:///./node_modules/three/build/three.core.js:2445
[  308852ms] [ERROR] Warning: Encountered two children with the same key, `%s`. Keys should be unique so that components maintain their identity across updates. Non-unique keys may cause children to be duplicated and/or omitted — the behavior is unsupported and could change in a future version.%s gym-bench 
    at Furniture (webpack-internal:///./components/office3d/OfficeScene.tsx:242:28)
    at OfficeWorld (webpack-internal:///./components/office3d/OfficeScene.tsx:1392:28)
    at Suspense
    at ErrorBoundary (webpack-internal:///./node_modules/@react-three/fiber/dist/events-776716bd.esm.js:454:5)
    at FiberProvider (webpack-internal:///./node_modules/its-fine/dist/index.js:80:1)
    at Provider (webpack-internal:///./node_modules/@react-three/fiber/dist/events-776716bd.esm.js:2107:3) @ webpack-internal:///./node_modules/next/dist/client/next-dev.js:27
[  308860ms] [WARNING] THREE.WebGLShadowMap: PCFSoftShadowMap has been deprecated. Using PCFShadowMap instead. @ webpack-internal:///./node_modules/three/build/three.core.js:2445
[  311356ms] [ERROR] Warning: Encountered two children with the same key, `%s`. Keys should be unique so that components maintain their identity across updates. Non-unique keys may cause children to be duplicated and/or omitted — the behavior is unsupported and could change in a future version.%s gym-bench 
    at Furniture (webpack-internal:///./components/office3d/OfficeScene.tsx:242:28)
    at OfficeWorld (webpack-internal:///./components/office3d/OfficeScene.tsx:1392:28)
    at Suspense
    at ErrorBoundary (webpack-internal:///./node_modules/@react-three/fiber/dist/events-776716bd.esm.js:454:5)
    at FiberProvider (webpack-internal:///./node_modules/its-fine/dist/index.js:80:1)
    at Provider (webpack-internal:///./node_modules/@react-three/fiber/dist/events-776716bd.esm.js:2107:3) @ webpack-internal:///./node_modules/next/dist/client/next-dev.js:27
[  311361ms] [WARNING] THREE.WebGLShadowMap: PCFSoftShadowMap has been deprecated. Using PCFShadowMap instead. @ webpack-internal:///./node_modules/three/build/three.core.js:2445
[  312843ms] [ERROR] Warning: Encountered two children with the same key, `%s`. Keys should be unique so that components maintain their identity across updates. Non-unique keys may cause children to be duplicated and/or omitted — the behavior is unsupported and could change in a future version.%s gym-bench 
    at Furniture (webpack-internal:///./components/office3d/OfficeScene.tsx:242:28)
    at OfficeWorld (webpack-internal:///./components/office3d/OfficeScene.tsx:1392:28)
    at Suspense
    at ErrorBoundary (webpack-internal:///./node_modules/@react-three/fiber/dist/events-776716bd.esm.js:454:5)
    at FiberProvider (webpack-internal:///./node_modules/its-fine/dist/index.js:80:1)
    at Provider (webpack-internal:///./node_modules/@react-three/fiber/dist/events-776716bd.esm.js:2107:3) @ webpack-internal:///./node_modules/next/dist/client/next-dev.js:27
[  312846ms] [WARNING] THREE.WebGLShadowMap: PCFSoftShadowMap has been deprecated. Using PCFShadowMap instead. @ webpack-internal:///./node_modules/three/build/three.core.js:2445
[  312852ms] [ERROR] Warning: Encountered two children with the same key, `%s`. Keys should be unique so that components maintain their identity across updates. Non-unique keys may cause children to be duplicated and/or omitted — the behavior is unsupported and could change in a future version.%s gym-bench 
    at Furniture (webpack-internal:///./components/office3d/OfficeScene.tsx:242:28)
    at OfficeWorld (webpack-internal:///./components/office3d/OfficeScene.tsx:1392:28)
    at Suspense
    at ErrorBoundary (webpack-internal:///./node_modules/@react-three/fiber/dist/events-776716bd.esm.js:454:5)
    at FiberProvider (webpack-internal:///./node_modules/its-fine/dist/index.js:80:1)
    at Provider (webpack-internal:///./node_modules/@react-three/fiber/dist/events-776716bd.esm.js:2107:3) @ webpack-internal:///./node_modules/next/dist/client/next-dev.js:27
[  312861ms] [WARNING] THREE.WebGLShadowMap: PCFSoftShadowMap has been deprecated. Using PCFShadowMap instead. @ webpack-internal:///./node_modules/three/build/three.core.js:2445
[  315354ms] [ERROR] Warning: Encountered two children with the same key, `%s`. Keys should be unique so that components maintain their identity across updates. Non-unique keys may cause children to be duplicated and/or omitted — the behavior is unsupported and could change in a future version.%s gym-bench 
    at Furniture (webpack-internal:///./components/office3d/OfficeScene.tsx:242:28)
    at OfficeWorld (webpack-internal:///./components/office3d/OfficeScene.tsx:1392:28)
    at Suspense
    at ErrorBoundary (webpack-internal:///./node_modules/@react-three/fiber/dist/events-776716bd.esm.js:454:5)
    at FiberProvider (webpack-internal:///./node_modules/its-fine/dist/index.js:80:1)
    at Provider (webpack-internal:///./node_modules/@react-three/fiber/dist/events-776716bd.esm.js:2107:3) @ webpack-internal:///./node_modules/next/dist/client/next-dev.js:27
[  315360ms] [WARNING] THREE.WebGLShadowMap: PCFSoftShadowMap has been deprecated. Using PCFShadowMap instead. @ webpack-internal:///./node_modules/three/build/three.core.js:2445
[  316843ms] [ERROR] Warning: Encountered two children with the same key, `%s`. Keys should be unique so that components maintain their identity across updates. Non-unique keys may cause children to be duplicated and/or omitted — the behavior is unsupported and could change in a future version.%s gym-bench 
    at Furniture (webpack-internal:///./components/office3d/OfficeScene.tsx:242:28)
    at OfficeWorld (webpack-internal:///./components/office3d/OfficeScene.tsx:1392:28)
    at Suspense
    at ErrorBoundary (webpack-internal:///./node_modules/@react-three/fiber/dist/events-776716bd.esm.js:454:5)
    at FiberProvider (webpack-internal:///./node_modules/its-fine/dist/index.js:80:1)
    at Provider (webpack-internal:///./node_modules/@react-three/fiber/dist/events-776716bd.esm.js:2107:3) @ webpack-internal:///./node_modules/next/dist/client/next-dev.js:27
[  316846ms] [WARNING] THREE.WebGLShadowMap: PCFSoftShadowMap has been deprecated. Using PCFShadowMap instead. @ webpack-internal:///./node_modules/three/build/three.core.js:2445
[  316852ms] [ERROR] Warning: Encountered two children with the same key, `%s`. Keys should be unique so that components maintain their identity across updates. Non-unique keys may cause children to be duplicated and/or omitted — the behavior is unsupported and could change in a future version.%s gym-bench 
    at Furniture (webpack-internal:///./components/office3d/OfficeScene.tsx:242:28)
    at OfficeWorld (webpack-internal:///./components/office3d/OfficeScene.tsx:1392:28)
    at Suspense
    at ErrorBoundary (webpack-internal:///./node_modules/@react-three/fiber/dist/events-776716bd.esm.js:454:5)
    at FiberProvider (webpack-internal:///./node_modules/its-fine/dist/index.js:80:1)
    at Provider (webpack-internal:///./node_modules/@react-three/fiber/dist/events-776716bd.esm.js:2107:3) @ webpack-internal:///./node_modules/next/dist/client/next-dev.js:27
[  316860ms] [WARNING] THREE.WebGLShadowMap: PCFSoftShadowMap has been deprecated. Using PCFShadowMap instead. @ webpack-internal:///./node_modules/three/build/three.core.js:2445
[  319354ms] [ERROR] Warning: Encountered two children with the same key, `%s`. Keys should be unique so that components maintain their identity across updates. Non-unique keys may cause children to be duplicated and/or omitted — the behavior is unsupported and could change in a future version.%s gym-bench 
    at Furniture (webpack-internal:///./components/office3d/OfficeScene.tsx:242:28)
    at OfficeWorld (webpack-internal:///./components/office3d/OfficeScene.tsx:1392:28)
    at Suspense
    at ErrorBoundary (webpack-internal:///./node_modules/@react-three/fiber/dist/events-776716bd.esm.js:454:5)
    at FiberProvider (webpack-internal:///./node_modules/its-fine/dist/index.js:80:1)
    at Provider (webpack-internal:///./node_modules/@react-three/fiber/dist/events-776716bd.esm.js:2107:3) @ webpack-internal:///./node_modules/next/dist/client/next-dev.js:27
[  319361ms] [WARNING] THREE.WebGLShadowMap: PCFSoftShadowMap has been deprecated. Using PCFShadowMap instead. @ webpack-internal:///./node_modules/three/build/three.core.js:2445
[  319477ms] [ERROR] Warning: Encountered two children with the same key, `%s`. Keys should be unique so that components maintain their identity across updates. Non-unique keys may cause children to be duplicated and/or omitted — the behavior is unsupported and could change in a future version.%s gym-bench 
    at Furniture (webpack-internal:///./components/office3d/OfficeScene.tsx:242:28)
    at OfficeWorld (webpack-internal:///./components/office3d/OfficeScene.tsx:1392:28)
    at Suspense
    at ErrorBoundary (webpack-internal:///./node_modules/@react-three/fiber/dist/events-776716bd.esm.js:454:5)
    at FiberProvider (webpack-internal:///./node_modules/its-fine/dist/index.js:80:1)
    at Provider (webpack-internal:///./node_modules/@react-three/fiber/dist/events-776716bd.esm.js:2107:3) @ webpack-internal:///./node_modules/next/dist/client/next-dev.js:27
[  319479ms] [WARNING] THREE.WebGLShadowMap: PCFSoftShadowMap has been deprecated. Using PCFShadowMap instead. @ webpack-internal:///./node_modules/three/build/three.core.js:2445
[  319487ms] [ERROR] Warning: Encountered two children with the same key, `%s`. Keys should be unique so that components maintain their identity across updates. Non-unique keys may cause children to be duplicated and/or omitted — the behavior is unsupported and could change in a future version.%s gym-bench 
    at Furniture (webpack-internal:///./components/office3d/OfficeScene.tsx:242:28)
    at OfficeWorld (webpack-internal:///./components/office3d/OfficeScene.tsx:1392:28)
    at Suspense
    at ErrorBoundary (webpack-internal:///./node_modules/@react-three/fiber/dist/events-776716bd.esm.js:454:5)
    at FiberProvider (webpack-internal:///./node_modules/its-fine/dist/index.js:80:1)
    at Provider (webpack-internal:///./node_modules/@react-three/fiber/dist/events-776716bd.esm.js:2107:3) @ webpack-internal:///./node_modules/next/dist/client/next-dev.js:27
[  319494ms] [WARNING] THREE.WebGLShadowMap: PCFSoftShadowMap has been deprecated. Using PCFShadowMap instead. @ webpack-internal:///./node_modules/three/build/three.core.js:2445
[  321991ms] [ERROR] Warning: Encountered two children with the same key, `%s`. Keys should be unique so that components maintain their identity across updates. Non-unique keys may cause children to be duplicated and/or omitted — the behavior is unsupported and could change in a future version.%s gym-bench 
    at Furniture (webpack-internal:///./components/office3d/OfficeScene.tsx:242:28)
    at OfficeWorld (webpack-internal:///./components/office3d/OfficeScene.tsx:1392:28)
    at Suspense
    at ErrorBoundary (webpack-internal:///./node_modules/@react-three/fiber/dist/events-776716bd.esm.js:454:5)
    at FiberProvider (webpack-internal:///./node_modules/its-fine/dist/index.js:80:1)
    at Provider (webpack-internal:///./node_modules/@react-three/fiber/dist/events-776716bd.esm.js:2107:3) @ webpack-internal:///./node_modules/next/dist/client/next-dev.js:27
[  321993ms] [WARNING] THREE.WebGLShadowMap: PCFSoftShadowMap has been deprecated. Using PCFShadowMap instead. @ webpack-internal:///./node_modules/three/build/three.core.js:2445
[  323478ms] [WARNING] THREE.WebGLShadowMap: PCFSoftShadowMap has been deprecated. Using PCFShadowMap instead. @ webpack-internal:///./node_modules/three/build/three.core.js:2445
[  323481ms] [ERROR] Warning: Encountered two children with the same key, `%s`. Keys should be unique so that components maintain their identity across updates. Non-unique keys may cause children to be duplicated and/or omitted — the behavior is unsupported and could change in a future version.%s gym-bench 
    at Furniture (webpack-internal:///./components/office3d/OfficeScene.tsx:242:28)
    at OfficeWorld (webpack-internal:///./components/office3d/OfficeScene.tsx:1392:28)
    at Suspense
    at ErrorBoundary (webpack-internal:///./node_modules/@react-three/fiber/dist/events-776716bd.esm.js:454:5)
    at FiberProvider (webpack-internal:///./node_modules/its-fine/dist/index.js:80:1)
    at Provider (webpack-internal:///./node_modules/@react-three/fiber/dist/events-776716bd.esm.js:2107:3) @ webpack-internal:///./node_modules/next/dist/client/next-dev.js:27
[  323486ms] [ERROR] Warning: Encountered two children with the same key, `%s`. Keys should be unique so that components maintain their identity across updates. Non-unique keys may cause children to be duplicated and/or omitted — the behavior is unsupported and could change in a future version.%s gym-bench 
    at Furniture (webpack-internal:///./components/office3d/OfficeScene.tsx:242:28)
    at OfficeWorld (webpack-internal:///./components/office3d/OfficeScene.tsx:1392:28)
    at Suspense
    at ErrorBoundary (webpack-internal:///./node_modules/@react-three/fiber/dist/events-776716bd.esm.js:454:5)
    at FiberProvider (webpack-internal:///./node_modules/its-fine/dist/index.js:80:1)
    at Provider (webpack-internal:///./node_modules/@react-three/fiber/dist/events-776716bd.esm.js:2107:3) @ webpack-internal:///./node_modules/next/dist/client/next-dev.js:27
[  323494ms] [WARNING] THREE.WebGLShadowMap: PCFSoftShadowMap has been deprecated. Using PCFShadowMap instead. @ webpack-internal:///./node_modules/three/build/three.core.js:2445
[  325989ms] [ERROR] Warning: Encountered two children with the same key, `%s`. Keys should be unique so that components maintain their identity across updates. Non-unique keys may cause children to be duplicated and/or omitted — the behavior is unsupported and could change in a future version.%s gym-bench 
    at Furniture (webpack-internal:///./components/office3d/OfficeScene.tsx:242:28)
    at OfficeWorld (webpack-internal:///./components/office3d/OfficeScene.tsx:1392:28)
    at Suspense
    at ErrorBoundary (webpack-internal:///./node_modules/@react-three/fiber/dist/events-776716bd.esm.js:454:5)
    at FiberProvider (webpack-internal:///./node_modules/its-fine/dist/index.js:80:1)
    at Provider (webpack-internal:///./node_modules/@react-three/fiber/dist/events-776716bd.esm.js:2107:3) @ webpack-internal:///./node_modules/next/dist/client/next-dev.js:27
[  325994ms] [WARNING] THREE.WebGLShadowMap: PCFSoftShadowMap has been deprecated. Using PCFShadowMap instead. @ webpack-internal:///./node_modules/three/build/three.core.js:2445
[  327478ms] [WARNING] THREE.WebGLShadowMap: PCFSoftShadowMap has been deprecated. Using PCFShadowMap instead. @ webpack-internal:///./node_modules/three/build/three.core.js:2445
[  327481ms] [ERROR] Warning: Encountered two children with the same key, `%s`. Keys should be unique so that components maintain their identity across updates. Non-unique keys may cause children to be duplicated and/or omitted — the behavior is unsupported and could change in a future version.%s gym-bench 
    at Furniture (webpack-internal:///./components/office3d/OfficeScene.tsx:242:28)
    at OfficeWorld (webpack-internal:///./components/office3d/OfficeScene.tsx:1392:28)
    at Suspense
    at ErrorBoundary (webpack-internal:///./node_modules/@react-three/fiber/dist/events-776716bd.esm.js:454:5)
    at FiberProvider (webpack-internal:///./node_modules/its-fine/dist/index.js:80:1)
    at Provider (webpack-internal:///./node_modules/@react-three/fiber/dist/events-776716bd.esm.js:2107:3) @ webpack-internal:///./node_modules/next/dist/client/next-dev.js:27
[  327485ms] [ERROR] Warning: Encountered two children with the same key, `%s`. Keys should be unique so that components maintain their identity across updates. Non-unique keys may cause children to be duplicated and/or omitted — the behavior is unsupported and could change in a future version.%s gym-bench 
    at Furniture (webpack-internal:///./components/office3d/OfficeScene.tsx:242:28)
    at OfficeWorld (webpack-internal:///./components/office3d/OfficeScene.tsx:1392:28)
    at Suspense
    at ErrorBoundary (webpack-internal:///./node_modules/@react-three/fiber/dist/events-776716bd.esm.js:454:5)
    at FiberProvider (webpack-internal:///./node_modules/its-fine/dist/index.js:80:1)
    at Provider (webpack-internal:///./node_modules/@react-three/fiber/dist/events-776716bd.esm.js:2107:3) @ webpack-internal:///./node_modules/next/dist/client/next-dev.js:27
[  327494ms] [WARNING] THREE.WebGLShadowMap: PCFSoftShadowMap has been deprecated. Using PCFShadowMap instead. @ webpack-internal:///./node_modules/three/build/three.core.js:2445
[  329988ms] [ERROR] Warning: Encountered two children with the same key, `%s`. Keys should be unique so that components maintain their identity across updates. Non-unique keys may cause children to be duplicated and/or omitted — the behavior is unsupported and could change in a future version.%s gym-bench 
    at Furniture (webpack-internal:///./components/office3d/OfficeScene.tsx:242:28)
    at OfficeWorld (webpack-internal:///./components/office3d/OfficeScene.tsx:1392:28)
    at Suspense
    at ErrorBoundary (webpack-internal:///./node_modules/@react-three/fiber/dist/events-776716bd.esm.js:454:5)
    at FiberProvider (webpack-internal:///./node_modules/its-fine/dist/index.js:80:1)
    at Provider (webpack-internal:///./node_modules/@react-three/fiber/dist/events-776716bd.esm.js:2107:3) @ webpack-internal:///./node_modules/next/dist/client/next-dev.js:27
[  329993ms] [WARNING] THREE.WebGLShadowMap: PCFSoftShadowMap has been deprecated. Using PCFShadowMap instead. @ webpack-internal:///./node_modules/three/build/three.core.js:2445
[  331478ms] [WARNING] THREE.WebGLShadowMap: PCFSoftShadowMap has been deprecated. Using PCFShadowMap instead. @ webpack-internal:///./node_modules/three/build/three.core.js:2445
[  331482ms] [ERROR] Warning: Encountered two children with the same key, `%s`. Keys should be unique so that components maintain their identity across updates. Non-unique keys may cause children to be duplicated and/or omitted — the behavior is unsupported and could change in a future version.%s gym-bench 
    at Furniture (webpack-internal:///./components/office3d/OfficeScene.tsx:242:28)
    at OfficeWorld (webpack-internal:///./components/office3d/OfficeScene.tsx:1392:28)
    at Suspense
    at ErrorBoundary (webpack-internal:///./node_modules/@react-three/fiber/dist/events-776716bd.esm.js:454:5)
    at FiberProvider (webpack-internal:///./node_modules/its-fine/dist/index.js:80:1)
    at Provider (webpack-internal:///./node_modules/@react-three/fiber/dist/events-776716bd.esm.js:2107:3) @ webpack-internal:///./node_modules/next/dist/client/next-dev.js:27
[  331487ms] [ERROR] Warning: Encountered two children with the same key, `%s`. Keys should be unique so that components maintain their identity across updates. Non-unique keys may cause children to be duplicated and/or omitted — the behavior is unsupported and could change in a future version.%s gym-bench 
    at Furniture (webpack-internal:///./components/office3d/OfficeScene.tsx:242:28)
    at OfficeWorld (webpack-internal:///./components/office3d/OfficeScene.tsx:1392:28)
    at Suspense
    at ErrorBoundary (webpack-internal:///./node_modules/@react-three/fiber/dist/events-776716bd.esm.js:454:5)
    at FiberProvider (webpack-internal:///./node_modules/its-fine/dist/index.js:80:1)
    at Provider (webpack-internal:///./node_modules/@react-three/fiber/dist/events-776716bd.esm.js:2107:3) @ webpack-internal:///./node_modules/next/dist/client/next-dev.js:27
[  331494ms] [WARNING] THREE.WebGLShadowMap: PCFSoftShadowMap has been deprecated. Using PCFShadowMap instead. @ webpack-internal:///./node_modules/three/build/three.core.js:2445
[  333990ms] [ERROR] Warning: Encountered two children with the same key, `%s`. Keys should be unique so that components maintain their identity across updates. Non-unique keys may cause children to be duplicated and/or omitted — the behavior is unsupported and could change in a future version.%s gym-bench 
    at Furniture (webpack-internal:///./components/office3d/OfficeScene.tsx:242:28)
    at OfficeWorld (webpack-internal:///./components/office3d/OfficeScene.tsx:1392:28)
    at Suspense
    at ErrorBoundary (webpack-internal:///./node_modules/@react-three/fiber/dist/events-776716bd.esm.js:454:5)
    at FiberProvider (webpack-internal:///./node_modules/its-fine/dist/index.js:80:1)
    at Provider (webpack-internal:///./node_modules/@react-three/fiber/dist/events-776716bd.esm.js:2107:3) @ webpack-internal:///./node_modules/next/dist/client/next-dev.js:27
[  333994ms] [WARNING] THREE.WebGLShadowMap: PCFSoftShadowMap has been deprecated. Using PCFShadowMap instead. @ webpack-internal:///./node_modules/three/build/three.core.js:2445
[  335481ms] [ERROR] Warning: Encountered two children with the same key, `%s`. Keys should be unique so that components maintain their identity across updates. Non-unique keys may cause children to be duplicated and/or omitted — the behavior is unsupported and could change in a future version.%s gym-bench 
    at Furniture (webpack-internal:///./components/office3d/OfficeScene.tsx:242:28)
    at OfficeWorld (webpack-internal:///./components/office3d/OfficeScene.tsx:1392:28)
    at Suspense
    at ErrorBoundary (webpack-internal:///./node_modules/@react-three/fiber/dist/events-776716bd.esm.js:454:5)
    at FiberProvider (webpack-internal:///./node_modules/its-fine/dist/index.js:80:1)
    at Provider (webpack-internal:///./node_modules/@react-three/fiber/dist/events-776716bd.esm.js:2107:3) @ webpack-internal:///./node_modules/next/dist/client/next-dev.js:27
[  335485ms] [ERROR] Warning: Encountered two children with the same key, `%s`. Keys should be unique so that components maintain their identity across updates. Non-unique keys may cause children to be duplicated and/or omitted — the behavior is unsupported and could change in a future version.%s gym-bench 
    at Furniture (webpack-internal:///./components/office3d/OfficeScene.tsx:242:28)
    at OfficeWorld (webpack-internal:///./components/office3d/OfficeScene.tsx:1392:28)
    at Suspense
    at ErrorBoundary (webpack-internal:///./node_modules/@react-three/fiber/dist/events-776716bd.esm.js:454:5)
    at FiberProvider (webpack-internal:///./node_modules/its-fine/dist/index.js:80:1)
    at Provider (webpack-internal:///./node_modules/@react-three/fiber/dist/events-776716bd.esm.js:2107:3) @ webpack-internal:///./node_modules/next/dist/client/next-dev.js:27
[  335494ms] [WARNING] THREE.WebGLShadowMap: PCFSoftShadowMap has been deprecated. Using PCFShadowMap instead. @ webpack-internal:///./node_modules/three/build/three.core.js:2445
[  337988ms] [ERROR] Warning: Encountered two children with the same key, `%s`. Keys should be unique so that components maintain their identity across updates. Non-unique keys may cause children to be duplicated and/or omitted — the behavior is unsupported and could change in a future version.%s gym-bench 
    at Furniture (webpack-internal:///./components/office3d/OfficeScene.tsx:242:28)
    at OfficeWorld (webpack-internal:///./components/office3d/OfficeScene.tsx:1392:28)
    at Suspense
    at ErrorBoundary (webpack-internal:///./node_modules/@react-three/fiber/dist/events-776716bd.esm.js:454:5)
    at FiberProvider (webpack-internal:///./node_modules/its-fine/dist/index.js:80:1)
    at Provider (webpack-internal:///./node_modules/@react-three/fiber/dist/events-776716bd.esm.js:2107:3) @ webpack-internal:///./node_modules/next/dist/client/next-dev.js:27
[  337994ms] [WARNING] THREE.WebGLShadowMap: PCFSoftShadowMap has been deprecated. Using PCFShadowMap instead. @ webpack-internal:///./node_modules/three/build/three.core.js:2445
[  339481ms] [WARNING] THREE.WebGLShadowMap: PCFSoftShadowMap has been deprecated. Using PCFShadowMap instead. @ webpack-internal:///./node_modules/three/build/three.core.js:2445
[  339483ms] [ERROR] Warning: Encountered two children with the same key, `%s`. Keys should be unique so that components maintain their identity across updates. Non-unique keys may cause children to be duplicated and/or omitted — the behavior is unsupported and could change in a future version.%s gym-bench 
    at Furniture (webpack-internal:///./components/office3d/OfficeScene.tsx:242:28)
    at OfficeWorld (webpack-internal:///./components/office3d/OfficeScene.tsx:1392:28)
    at Suspense
    at ErrorBoundary (webpack-internal:///./node_modules/@react-three/fiber/dist/events-776716bd.esm.js:454:5)
    at FiberProvider (webpack-internal:///./node_modules/its-fine/dist/index.js:80:1)
    at Provider (webpack-internal:///./node_modules/@react-three/fiber/dist/events-776716bd.esm.js:2107:3) @ webpack-internal:///./node_modules/next/dist/client/next-dev.js:27
[  339488ms] [ERROR] Warning: Encountered two children with the same key, `%s`. Keys should be unique so that components maintain their identity across updates. Non-unique keys may cause children to be duplicated and/or omitted — the behavior is unsupported and could change in a future version.%s gym-bench 
    at Furniture (webpack-internal:///./components/office3d/OfficeScene.tsx:242:28)
    at OfficeWorld (webpack-internal:///./components/office3d/OfficeScene.tsx:1392:28)
    at Suspense
    at ErrorBoundary (webpack-internal:///./node_modules/@react-three/fiber/dist/events-776716bd.esm.js:454:5)
    at FiberProvider (webpack-internal:///./node_modules/its-fine/dist/index.js:80:1)
    at Provider (webpack-internal:///./node_modules/@react-three/fiber/dist/events-776716bd.esm.js:2107:3) @ webpack-internal:///./node_modules/next/dist/client/next-dev.js:27
[  339494ms] [WARNING] THREE.WebGLShadowMap: PCFSoftShadowMap has been deprecated. Using PCFShadowMap instead. @ webpack-internal:///./node_modules/three/build/three.core.js:2445
[  341993ms] [ERROR] Warning: Encountered two children with the same key, `%s`. Keys should be unique so that components maintain their identity across updates. Non-unique keys may cause children to be duplicated and/or omitted — the behavior is unsupported and could change in a future version.%s gym-bench 
    at Furniture (webpack-internal:///./components/office3d/OfficeScene.tsx:242:28)
    at OfficeWorld (webpack-internal:///./components/office3d/OfficeScene.tsx:1392:28)
    at Suspense
    at ErrorBoundary (webpack-internal:///./node_modules/@react-three/fiber/dist/events-776716bd.esm.js:454:5)
    at FiberProvider (webpack-internal:///./node_modules/its-fine/dist/index.js:80:1)
    at Provider (webpack-internal:///./node_modules/@react-three/fiber/dist/events-776716bd.esm.js:2107:3) @ webpack-internal:///./node_modules/next/dist/client/next-dev.js:27
[  342002ms] [WARNING] THREE.WebGLShadowMap: PCFSoftShadowMap has been deprecated. Using PCFShadowMap instead. @ webpack-internal:///./node_modules/three/build/three.core.js:2445
[  343479ms] [WARNING] THREE.WebGLShadowMap: PCFSoftShadowMap has been deprecated. Using PCFShadowMap instead. @ webpack-internal:///./node_modules/three/build/three.core.js:2445
[  343482ms] [ERROR] Warning: Encountered two children with the same key, `%s`. Keys should be unique so that components maintain their identity across updates. Non-unique keys may cause children to be duplicated and/or omitted — the behavior is unsupported and could change in a future version.%s gym-bench 
    at Furniture (webpack-internal:///./components/office3d/OfficeScene.tsx:242:28)
    at OfficeWorld (webpack-internal:///./components/office3d/OfficeScene.tsx:1392:28)
    at Suspense
    at ErrorBoundary (webpack-internal:///./node_modules/@react-three/fiber/dist/events-776716bd.esm.js:454:5)
    at FiberProvider (webpack-internal:///./node_modules/its-fine/dist/index.js:80:1)
    at Provider (webpack-internal:///./node_modules/@react-three/fiber/dist/events-776716bd.esm.js:2107:3) @ webpack-internal:///./node_modules/next/dist/client/next-dev.js:27
[  343490ms] [ERROR] Warning: Encountered two children with the same key, `%s`. Keys should be unique so that components maintain their identity across updates. Non-unique keys may cause children to be duplicated and/or omitted — the behavior is unsupported and could change in a future version.%s gym-bench 
    at Furniture (webpack-internal:///./components/office3d/OfficeScene.tsx:242:28)
    at OfficeWorld (webpack-internal:///./components/office3d/OfficeScene.tsx:1392:28)
    at Suspense
    at ErrorBoundary (webpack-internal:///./node_modules/@react-three/fiber/dist/events-776716bd.esm.js:454:5)
    at FiberProvider (webpack-internal:///./node_modules/its-fine/dist/index.js:80:1)
    at Provider (webpack-internal:///./node_modules/@react-three/fiber/dist/events-776716bd.esm.js:2107:3) @ webpack-internal:///./node_modules/next/dist/client/next-dev.js:27
[  343494ms] [WARNING] THREE.WebGLShadowMap: PCFSoftShadowMap has been deprecated. Using PCFShadowMap instead. @ webpack-internal:///./node_modules/three/build/three.core.js:2445
[  345994ms] [WARNING] THREE.WebGLShadowMap: PCFSoftShadowMap has been deprecated. Using PCFShadowMap instead. @ webpack-internal:///./node_modules/three/build/three.core.js:2445
[  345997ms] [ERROR] Warning: Encountered two children with the same key, `%s`. Keys should be unique so that components maintain their identity across updates. Non-unique keys may cause children to be duplicated and/or omitted — the behavior is unsupported and could change in a future version.%s gym-bench 
    at Furniture (webpack-internal:///./components/office3d/OfficeScene.tsx:242:28)
    at OfficeWorld (webpack-internal:///./components/office3d/OfficeScene.tsx:1392:28)
    at Suspense
    at ErrorBoundary (webpack-internal:///./node_modules/@react-three/fiber/dist/events-776716bd.esm.js:454:5)
    at FiberProvider (webpack-internal:///./node_modules/its-fine/dist/index.js:80:1)
    at Provider (webpack-internal:///./node_modules/@react-three/fiber/dist/events-776716bd.esm.js:2107:3) @ webpack-internal:///./node_modules/next/dist/client/next-dev.js:27
[  347479ms] [WARNING] THREE.WebGLShadowMap: PCFSoftShadowMap has been deprecated. Using PCFShadowMap instead. @ webpack-internal:///./node_modules/three/build/three.core.js:2445
[  347483ms] [ERROR] Warning: Encountered two children with the same key, `%s`. Keys should be unique so that components maintain their identity across updates. Non-unique keys may cause children to be duplicated and/or omitted — the behavior is unsupported and could change in a future version.%s gym-bench 
    at Furniture (webpack-internal:///./components/office3d/OfficeScene.tsx:242:28)
    at OfficeWorld (webpack-internal:///./components/office3d/OfficeScene.tsx:1392:28)
    at Suspense
    at ErrorBoundary (webpack-internal:///./node_modules/@react-three/fiber/dist/events-776716bd.esm.js:454:5)
    at FiberProvider (webpack-internal:///./node_modules/its-fine/dist/index.js:80:1)
    at Provider (webpack-internal:///./node_modules/@react-three/fiber/dist/events-776716bd.esm.js:2107:3) @ webpack-internal:///./node_modules/next/dist/client/next-dev.js:27
[  347490ms] [ERROR] Warning: Encountered two children with the same key, `%s`. Keys should be unique so that components maintain their identity across updates. Non-unique keys may cause children to be duplicated and/or omitted — the behavior is unsupported and could change in a future version.%s gym-bench 
    at Furniture (webpack-internal:///./components/office3d/OfficeScene.tsx:242:28)
    at OfficeWorld (webpack-internal:///./components/office3d/OfficeScene.tsx:1392:28)
    at Suspense
    at ErrorBoundary (webpack-internal:///./node_modules/@react-three/fiber/dist/events-776716bd.esm.js:454:5)
    at FiberProvider (webpack-internal:///./node_modules/its-fine/dist/index.js:80:1)
    at Provider (webpack-internal:///./node_modules/@react-three/fiber/dist/events-776716bd.esm.js:2107:3) @ webpack-internal:///./node_modules/next/dist/client/next-dev.js:27
[  347493ms] [WARNING] THREE.WebGLShadowMap: PCFSoftShadowMap has been deprecated. Using PCFShadowMap instead. @ webpack-internal:///./node_modules/three/build/three.core.js:2445
